{"level":"error"}
{"level":"error"}
{"level":"error","message":"Cannot read properties of null (reading 'products')"}
{"level":"error","message":"Cannot read properties of null (reading 'products')"}
{"level":"error","message":"Cannot read properties of null (reading 'products')"}
{"level":"error","message":"Cannot read properties of null (reading 'products')"}
{"level":"error","message":"Cannot read properties of null (reading 'products')"}
{"level":"error","message":"Cannot read properties of null (reading 'products')"}
{"level":"error","message":"Cannot read properties of null (reading 'products')"}
{"level":"error","message":"Cannot read properties of null (reading 'products')"}
{"code":20003,"level":"error","moreInfo":"https://www.twilio.com/docs/errors/20003","status":401}
{"level":"error","message":"Cannot read properties of null (reading 'products')"}
{"_message":"Cart validation failed","errors":{"products.0._id":{"kind":"ObjectId","message":"Cast to ObjectId failed for value \"Promise { <pending> }\" (type Promise) at path \"_id\" because of \"BSONTypeError\"","name":"CastError","path":"_id","reason":{},"stringValue":"\"Promise { <pending> }\"","value":{},"valueType":"Promise"},"products.0.name":{"kind":"required","message":"Path `name` is required.","name":"ValidatorError","path":"name","properties":{"message":"Path `name` is required.","path":"name","type":"required"}},"products.0.photo_url":{"kind":"required","message":"Path `photo_url` is required.","name":"ValidatorError","path":"photo_url","properties":{"message":"Path `photo_url` is required.","path":"photo_url","type":"required"}},"products.0.price":{"kind":"required","message":"Path `price` is required.","name":"ValidatorError","path":"price","properties":{"message":"Path `price` is required.","path":"price","type":"required"}},"products.0.stock":{"kind":"required","message":"Path `stock` is required.","name":"ValidatorError","path":"stock","properties":{"message":"Path `stock` is required.","path":"stock","type":"required"}}},"level":"error","message":"Cart validation failed: products.0._id: Cast to ObjectId failed for value \"Promise { <pending> }\" (type Promise) at path \"_id\" because of \"BSONTypeError\", products.0.photo_url: Path `photo_url` is required., products.0.stock: Path `stock` is required., products.0.price: Path `price` is required., products.0.name: Path `name` is required.","name":"ValidationError"}
{"_message":"Cart validation failed","errors":{"products.0._id":{"kind":"ObjectId","message":"Cast to ObjectId failed for value \"Promise {\n  {\n    _id: new ObjectId(\"637c4806e4169cfdcc44e281\"),\n    name: 'schreck',\n    price: 1000,\n    stock: 100,\n    photo_url: 'https://i.pinimg.com/236x/ce/59/83/ce59837dd46efcaa5549a75bf2b1e443.jpg',\n    description: 'lorem',\n    createdAt: 2022-11-22T03:54:46.336Z,\n    updatedAt: 2022-11-22T03:54:46.336Z,\n    __v: 0\n  }\n}\" (type Promise) at path \"_id\" because of \"BSONTypeError\"","name":"CastError","path":"_id","reason":{},"stringValue":"\"Promise {\n  {\n    _id: new ObjectId(\"637c4806e4169cfdcc44e281\"),\n    name: 'schreck',\n    price: 1000,\n    stock: 100,\n    photo_url: 'https://i.pinimg.com/236x/ce/59/83/ce59837dd46efcaa5549a75bf2b1e443.jpg',\n    description: 'lorem',\n    createdAt: 2022-11-22T03:54:46.336Z,\n    updatedAt: 2022-11-22T03:54:46.336Z,\n    __v: 0\n  }\n}\"","value":{},"valueType":"Promise"},"products.0.name":{"kind":"required","message":"Path `name` is required.","name":"ValidatorError","path":"name","properties":{"message":"Path `name` is required.","path":"name","type":"required"}},"products.0.photo_url":{"kind":"required","message":"Path `photo_url` is required.","name":"ValidatorError","path":"photo_url","properties":{"message":"Path `photo_url` is required.","path":"photo_url","type":"required"}},"products.0.price":{"kind":"required","message":"Path `price` is required.","name":"ValidatorError","path":"price","properties":{"message":"Path `price` is required.","path":"price","type":"required"}},"products.0.stock":{"kind":"required","message":"Path `stock` is required.","name":"ValidatorError","path":"stock","properties":{"message":"Path `stock` is required.","path":"stock","type":"required"}}},"level":"error","message":"Cart validation failed: products.0._id: Cast to ObjectId failed for value \"Promise {\n  {\n    _id: new ObjectId(\"637c4806e4169cfdcc44e281\"),\n    name: 'schreck',\n    price: 1000,\n    stock: 100,\n    photo_url: 'https://i.pinimg.com/236x/ce/59/83/ce59837dd46efcaa5549a75bf2b1e443.jpg',\n    description: 'lorem',\n    createdAt: 2022-11-22T03:54:46.336Z,\n    updatedAt: 2022-11-22T03:54:46.336Z,\n    __v: 0\n  }\n}\" (type Promise) at path \"_id\" because of \"BSONTypeError\", products.0.photo_url: Path `photo_url` is required., products.0.stock: Path `stock` is required., products.0.price: Path `price` is required., products.0.name: Path `name` is required.","name":"ValidationError"}
{"_message":"Cart validation failed","errors":{"products.0._id":{"kind":"ObjectId","message":"Cast to ObjectId failed for value \"Promise {\n  {\n    _id: new ObjectId(\"637c4806e4169cfdcc44e281\"),\n    name: 'schreck',\n    price: 1000,\n    stock: 100,\n    photo_url: 'https://i.pinimg.com/236x/ce/59/83/ce59837dd46efcaa5549a75bf2b1e443.jpg',\n    description: 'lorem',\n    createdAt: 2022-11-22T03:54:46.336Z,\n    updatedAt: 2022-11-22T03:54:46.336Z,\n    __v: 0\n  }\n}\" (type Promise) at path \"_id\" because of \"BSONTypeError\"","name":"CastError","path":"_id","reason":{},"stringValue":"\"Promise {\n  {\n    _id: new ObjectId(\"637c4806e4169cfdcc44e281\"),\n    name: 'schreck',\n    price: 1000,\n    stock: 100,\n    photo_url: 'https://i.pinimg.com/236x/ce/59/83/ce59837dd46efcaa5549a75bf2b1e443.jpg',\n    description: 'lorem',\n    createdAt: 2022-11-22T03:54:46.336Z,\n    updatedAt: 2022-11-22T03:54:46.336Z,\n    __v: 0\n  }\n}\"","value":{},"valueType":"Promise"},"products.0.name":{"kind":"required","message":"Path `name` is required.","name":"ValidatorError","path":"name","properties":{"message":"Path `name` is required.","path":"name","type":"required"}},"products.0.photo_url":{"kind":"required","message":"Path `photo_url` is required.","name":"ValidatorError","path":"photo_url","properties":{"message":"Path `photo_url` is required.","path":"photo_url","type":"required"}},"products.0.price":{"kind":"required","message":"Path `price` is required.","name":"ValidatorError","path":"price","properties":{"message":"Path `price` is required.","path":"price","type":"required"}},"products.0.stock":{"kind":"required","message":"Path `stock` is required.","name":"ValidatorError","path":"stock","properties":{"message":"Path `stock` is required.","path":"stock","type":"required"}}},"level":"error","message":"Cart validation failed: products.0._id: Cast to ObjectId failed for value \"Promise {\n  {\n    _id: new ObjectId(\"637c4806e4169cfdcc44e281\"),\n    name: 'schreck',\n    price: 1000,\n    stock: 100,\n    photo_url: 'https://i.pinimg.com/236x/ce/59/83/ce59837dd46efcaa5549a75bf2b1e443.jpg',\n    description: 'lorem',\n    createdAt: 2022-11-22T03:54:46.336Z,\n    updatedAt: 2022-11-22T03:54:46.336Z,\n    __v: 0\n  }\n}\" (type Promise) at path \"_id\" because of \"BSONTypeError\", products.0.photo_url: Path `photo_url` is required., products.0.stock: Path `stock` is required., products.0.price: Path `price` is required., products.0.name: Path `name` is required.","name":"ValidationError"}
{"code":20003,"level":"error","moreInfo":"https://www.twilio.com/docs/errors/20003","status":401}
{"level":"error","message":"Cannot read properties of null (reading 'products')"}
{"level":"error","message":"Cannot read properties of null (reading 'products')"}
{"level":"error","message":"Cannot read properties of null (reading 'products')"}
{"level":"error","message":"Cannot read properties of null (reading 'products')"}
{"code":20003,"level":"error","moreInfo":"https://www.twilio.com/docs/errors/20003","status":401}
{"level":"error"}
{"level":"error"}
{"level":"error"}
{"level":"error"}
{"level":"error"}
{"level":"error","message":"Cannot read properties of undefined (reading 'getById')"}
{"level":"error","message":"Cannot read properties of undefined (reading 'getById')"}
{"level":"error","message":"Cannot read properties of undefined (reading 'getById')"}
{"level":"error","message":"Cannot read properties of undefined (reading 'getById')"}
{"level":"error","message":"Cannot read properties of undefined (reading 'getById')"}
{"level":"error","message":"Cannot read properties of undefined (reading 'getById')"}
{"level":"error","message":"Cannot read properties of undefined (reading 'getById')"}
{"level":"error","message":"Cannot read properties of undefined (reading 'getById')"}
{"level":"error","message":"Cannot read properties of undefined (reading 'getById')"}
{"level":"error","message":"Cannot read properties of undefined (reading 'getById')"}
{"level":"error","message":"Cannot read properties of undefined (reading 'getById')"}
{"level":"error","message":"Cannot read properties of undefined (reading 'getById')"}
{"level":"error","message":"Cannot read properties of undefined (reading 'getById')"}
{"level":"error","message":"Cannot read properties of undefined (reading 'getById')"}
{"level":"error","message":"Cannot read properties of undefined (reading 'getById')"}
{"level":"error","message":"Cannot read properties of undefined (reading 'getById')"}
{"level":"error","message":"error al cargar producto al carrito Cannot read properties of undefined (reading 'getById')"}
{"level":"error","message":"error al cargar producto al carrito Cannot read properties of undefined (reading 'getById')"}
{"level":"error","message":"error al cargar producto al carrito Cannot read properties of undefined (reading 'getById')"}
{"level":"error","message":"Cannot read properties of undefined (reading 'products')"}
{"level":"error","message":"Cannot read properties of undefined (reading 'products')"}
{"level":"error","message":"Cannot read properties of undefined (reading 'products')"}
{"level":"error","message":"Cannot read properties of undefined (reading 'products')"}
{"level":"error","message":"Cannot read properties of undefined (reading 'products')"}
{"level":"error","message":"Cannot read properties of undefined (reading 'products')"}
{"level":"error","message":" aca en el post delete Cannot read properties of undefined (reading 'products')"}
{"level":"error","message":" aca en el post delete Cannot read properties of undefined (reading 'products')"}
{"level":"error","message":" aca en el get Cannot read properties of undefined (reading '_id')"}
{"level":"error","message":" aca en el get Cannot read properties of undefined (reading '_id')"}
{"level":"error","message":" aca en el post Cannot read properties of undefined (reading 'products')"}
{"level":"error","message":"error al cargar producto al carrito this.getItemById is not a function"}
{"level":"error","message":"error al cargar producto al carrito Cannot read properties of undefined (reading 'products')"}
{"level":"error","message":"error al cargar producto al carrito Cannot read properties of undefined (reading 'products')"}
{"level":"error","message":"error al cargar producto al carrito Cannot read properties of undefined (reading 'products')"}
{"level":"error","message":"error al cargar producto al carrito Cannot read properties of undefined (reading 'products')"}
{"level":"error","message":"error al cargar producto al carrito Cannot read properties of undefined (reading 'products')"}
{"level":"error","message":"error al cargar producto al carrito Cannot read properties of undefined (reading 'products')"}
{"level":"error","message":"error al cargar producto al carrito Cannot read properties of undefined (reading 'products')"}
{"level":"error","message":"error al cargar producto al carrito Cannot read properties of undefined (reading 'products')"}
{"level":"error","message":"error al cargar producto al carrito Cannot read properties of undefined (reading 'products')"}
{"level":"error","message":" aca en el get Cannot read properties of undefined (reading '_id')"}
{"level":"error","message":" aca en el get Cannot read properties of undefined (reading '_id')"}
{"level":"error","message":" aca en el get Cannot read properties of undefined (reading '_id')"}
{"level":"error","message":" aca en el get Cannot read properties of undefined (reading '_id')"}
{"level":"error","message":" aca en el get Cannot read properties of undefined (reading '_id')"}
{"level":"error","message":" aca en el get Cannot read properties of undefined (reading '_id')"}
{"code":20003,"level":"error","moreInfo":"https://www.twilio.com/docs/errors/20003","status":401}
{"level":"error","message":" aca en el post Cannot read properties of null (reading 'products')"}
{"code":20003,"level":"error","moreInfo":"https://www.twilio.com/docs/errors/20003","status":401}
{"level":"error","message":" aca en el post Cannot read properties of null (reading 'products')"}
{"level":"error","message":" aca en el post Cannot read properties of null (reading 'products')"}
{"code":20003,"level":"error","moreInfo":"https://www.twilio.com/docs/errors/20003","status":401}
{"level":"error","message":" aca en el post Cannot read properties of null (reading 'products')"}
{"code":20003,"level":"error","moreInfo":"https://www.twilio.com/docs/errors/20003","status":401}
{"level":"error","message":" aca en el post Cannot read properties of null (reading 'products')"}
{"code":20003,"level":"error","moreInfo":"https://www.twilio.com/docs/errors/20003","status":401}
{"level":"error","message":" aca en el post Cannot read properties of null (reading 'products')"}
{"level":"error","message":" aca en el post Cannot read properties of null (reading 'products')"}
{"code":20003,"level":"error","moreInfo":"https://www.twilio.com/docs/errors/20003","status":401}
{"level":"error","message":" aca en el post Cannot read properties of null (reading 'products')"}
{"level":"error","message":" aca en el get Cannot read properties of undefined (reading '_id')"}
{"code":20003,"level":"error","moreInfo":"https://www.twilio.com/docs/errors/20003","status":401}
{"level":"error","message":" aca en el get Cannot read properties of null (reading '_id')"}
{"code":20003,"level":"error","moreInfo":"https://www.twilio.com/docs/errors/20003","status":401}
{"level":"error","message":" aca en el post Cannot read properties of null (reading 'products')"}
{"level":"error","message":" aca en el post Cannot read properties of null (reading 'products')"}
{"level":"error","message":" aca en el post Cannot read properties of null (reading 'products')"}
{"level":"error","message":" aca en el post Cannot read properties of null (reading 'products')"}
{"code":20003,"level":"error","moreInfo":"https://www.twilio.com/docs/errors/20003","status":401}
{"level":"error","message":" aca en el post Cannot read properties of null (reading 'products')"}
{"level":"error","message":" aca en el post Cannot read properties of null (reading 'products')"}
{"level":"error"}
{"level":"error"}
{"level":"error"}
{"level":"error","message":"deleteProduct:Product is not defined"}
{"level":"error","message":"deleteProduct:products.deleteOne is not a function"}
{"code":20003,"level":"error","moreInfo":"https://www.twilio.com/docs/errors/20003","status":401}
